Using pre-set license
Built from '2021.3/staging' branch; Version is '2021.3.16f1 (4016570cf34f) revision 4200023'; Using compiler version '192829333'; Build Type 'Release'
OS: 'Windows 11  (10.0.22621) 64bit Core' Language: 'en' Physical Memory: 16051 MB
BatchMode: 1, IsHumanControllingUs: 0, StartBugReporterOnCrash: 0, Is64bit: 1, IsPro: 1

COMMAND LINE ARGUMENTS:
C:\Program Files\Unity\Hub\Editor\2021.3.16f1\Editor\Unity.exe
-adb2
-batchMode
-noUpm
-name
AssetImportWorker2
-projectPath
C:/_GameDevHQ/GH/2D_Space_Shooter_01-23/2D_Assets_Workspace
-logFile
Logs/AssetImportWorker2.log
-srvPort
54921
Successfully changed project path to: C:/_GameDevHQ/GH/2D_Space_Shooter_01-23/2D_Assets_Workspace
C:/_GameDevHQ/GH/2D_Space_Shooter_01-23/2D_Assets_Workspace
[UnityMemory] Configuration Parameters - Can be set up in boot.config
    "memorysetup-bucket-allocator-granularity=16"
    "memorysetup-bucket-allocator-bucket-count=8"
    "memorysetup-bucket-allocator-block-size=33554432"
    "memorysetup-bucket-allocator-block-count=8"
    "memorysetup-main-allocator-block-size=16777216"
    "memorysetup-thread-allocator-block-size=16777216"
    "memorysetup-gfx-main-allocator-block-size=16777216"
    "memorysetup-gfx-thread-allocator-block-size=16777216"
    "memorysetup-cache-allocator-block-size=4194304"
    "memorysetup-typetree-allocator-block-size=2097152"
    "memorysetup-profiler-bucket-allocator-granularity=16"
    "memorysetup-profiler-bucket-allocator-bucket-count=8"
    "memorysetup-profiler-bucket-allocator-block-size=33554432"
    "memorysetup-profiler-bucket-allocator-block-count=8"
    "memorysetup-profiler-allocator-block-size=16777216"
    "memorysetup-profiler-editor-allocator-block-size=1048576"
    "memorysetup-temp-allocator-size-main=16777216"
    "memorysetup-job-temp-allocator-block-size=2097152"
    "memorysetup-job-temp-allocator-block-size-background=1048576"
    "memorysetup-job-temp-allocator-reduction-small-platforms=262144"
    "memorysetup-temp-allocator-size-background-worker=32768"
    "memorysetup-temp-allocator-size-job-worker=262144"
    "memorysetup-temp-allocator-size-preload-manager=33554432"
    "memorysetup-temp-allocator-size-nav-mesh-worker=65536"
    "memorysetup-temp-allocator-size-audio-worker=65536"
    "memorysetup-temp-allocator-size-cloud-worker=32768"
    "memorysetup-temp-allocator-size-gi-baking-worker=262144"
    "memorysetup-temp-allocator-size-gfx=262144"
Player connection [33660] Host "[IP] 192.168.1.200 [Port] 0 [Flags] 2 [Guid] 2823179499 [EditorId] 2823179499 [Version] 1048832 [Id] WindowsEditor(7,MYC_HPO16L) [Debug] 1 [PackageName] WindowsEditor [ProjectName] Editor" joined multi-casting on [225.0.0.222:54997]...

Player connection [33660] Host "[IP] 192.168.1.200 [Port] 0 [Flags] 2 [Guid] 2823179499 [EditorId] 2823179499 [Version] 1048832 [Id] WindowsEditor(7,MYC_HPO16L) [Debug] 1 [PackageName] WindowsEditor [ProjectName] Editor" joined alternative multi-casting on [225.0.0.222:34997]...

Refreshing native plugins compatible for Editor in 56.28 ms, found 3 plugins.
Preloading 0 native plugins for Editor in 0.00 ms.
Initialize engine version: 2021.3.16f1 (4016570cf34f)
[Subsystems] Discovering subsystems at path C:/Program Files/Unity/Hub/Editor/2021.3.16f1/Editor/Data/Resources/UnitySubsystems
[Subsystems] Discovering subsystems at path C:/_GameDevHQ/GH/2D_Space_Shooter_01-23/2D_Assets_Workspace/Assets
GfxDevice: creating device client; threaded=0; jobified=0
Direct3D:
    Version:  Direct3D 11.0 [level 11.1]
    Renderer: NVIDIA GeForce RTX 3060 Laptop GPU (ID=0x2520)
    Vendor:   NVIDIA
    VRAM:     6009 MB
    Driver:   31.0.15.3713
Initialize mono
Mono path[0] = 'C:/Program Files/Unity/Hub/Editor/2021.3.16f1/Editor/Data/Managed'
Mono path[1] = 'C:/Program Files/Unity/Hub/Editor/2021.3.16f1/Editor/Data/MonoBleedingEdge/lib/mono/unityjit-win32'
Mono config path = 'C:/Program Files/Unity/Hub/Editor/2021.3.16f1/Editor/Data/MonoBleedingEdge/etc'
Using monoOptions --debugger-agent=transport=dt_socket,embedding=1,server=y,suspend=n,address=127.0.0.1:56384
Begin MonoManager ReloadAssembly
Registering precompiled unity dll's ...
Register platform support module: C:/Program Files/Unity/Hub/Editor/2021.3.16f1/Editor/Data/PlaybackEngines/WebGLSupport/UnityEditor.WebGL.Extensions.dll
Register platform support module: C:/Program Files/Unity/Hub/Editor/2021.3.16f1/Editor/Data/PlaybackEngines/AndroidPlayer/UnityEditor.Android.Extensions.dll
Register platform support module: C:/Program Files/Unity/Hub/Editor/2021.3.16f1/Editor/Data/PlaybackEngines/WindowsStandaloneSupport/UnityEditor.WindowsStandalone.Extensions.dll
Registered in 0.003942 seconds.
Native extension for WindowsStandalone target not found
Native extension for Android target not found
Native extension for WebGL target not found
Refreshing native plugins compatible for Editor in 54.43 ms, found 3 plugins.
Preloading 0 native plugins for Editor in 0.00 ms.
Mono: successfully reloaded assembly
- Completed reload, in  0.530 seconds
Domain Reload Profiling:
	ReloadAssembly (530ms)
		BeginReloadAssembly (66ms)
			ExecutionOrderSort (0ms)
			DisableScriptedObjects (0ms)
			BackupInstance (0ms)
			ReleaseScriptingObjects (0ms)
			CreateAndSetChildDomain (1ms)
		EndReloadAssembly (382ms)
			LoadAssemblies (64ms)
			RebuildTransferFunctionScriptingTraits (0ms)
			SetupTypeCache (80ms)
			ReleaseScriptCaches (0ms)
			RebuildScriptCaches (24ms)
			SetupLoadedEditorAssemblies (239ms)
				LogAssemblyErrors (0ms)
				InitializePlatformSupportModulesInManaged (62ms)
				SetLoadedEditorAssemblies (0ms)
				RefreshPlugins (55ms)
				BeforeProcessingInitializeOnLoad (1ms)
				ProcessInitializeOnLoadAttributes (79ms)
				ProcessInitializeOnLoadMethodAttributes (42ms)
				AfterProcessingInitializeOnLoad (0ms)
				EditorAssembliesLoaded (0ms)
			ExecutionOrderSort2 (0ms)
			AwakeInstancesAfterBackupRestoration (0ms)
Platform modules already initialized, skipping
Registering precompiled user dll's ...
Registered in 0.003844 seconds.
Begin MonoManager ReloadAssembly
Symbol file LoadedFromMemory doesn't match image C:\_GameDevHQ\GH\2D_Space_Shooter_01-23\2D_Assets_Workspace\Library\PackageCache\com.unity.visualscripting@1.7.8\Editor\VisualScripting.Core\Dependencies\YamlDotNet\Unity.VisualScripting.YamlDotNet.dll
Symbol file LoadedFromMemory doesn't match image C:\_GameDevHQ\GH\2D_Space_Shooter_01-23\2D_Assets_Workspace\Library\PackageCache\com.unity.visualscripting@1.7.8\Editor\VisualScripting.Core\Dependencies\DotNetZip\Unity.VisualScripting.IonicZip.dll
Native extension for WindowsStandalone target not found
Native extension for Android target not found
Native extension for WebGL target not found
Refreshing native plugins compatible for Editor in 0.43 ms, found 3 plugins.
Preloading 0 native plugins for Editor in 0.00 ms.
Mono: successfully reloaded assembly
- Completed reload, in  0.960 seconds
Domain Reload Profiling:
	ReloadAssembly (960ms)
		BeginReloadAssembly (201ms)
			ExecutionOrderSort (0ms)
			DisableScriptedObjects (5ms)
			BackupInstance (0ms)
			ReleaseScriptingObjects (0ms)
			CreateAndSetChildDomain (131ms)
		EndReloadAssembly (660ms)
			LoadAssemblies (62ms)
			RebuildTransferFunctionScriptingTraits (0ms)
			SetupTypeCache (222ms)
			ReleaseScriptCaches (0ms)
			RebuildScriptCaches (41ms)
			SetupLoadedEditorAssemblies (298ms)
				LogAssemblyErrors (0ms)
				InitializePlatformSupportModulesInManaged (11ms)
				SetLoadedEditorAssemblies (0ms)
				RefreshPlugins (0ms)
				BeforeProcessingInitializeOnLoad (64ms)
				ProcessInitializeOnLoadAttributes (194ms)
				ProcessInitializeOnLoadMethodAttributes (24ms)
				AfterProcessingInitializeOnLoad (4ms)
				EditorAssembliesLoaded (0ms)
			ExecutionOrderSort2 (0ms)
			AwakeInstancesAfterBackupRestoration (5ms)
Platform modules already initialized, skipping
========================================================================
Worker process is ready to serve import requests
Launched and connected shader compiler UnityShaderCompiler.exe after 0.08 seconds
Refreshing native plugins compatible for Editor in 0.61 ms, found 3 plugins.
Preloading 0 native plugins for Editor in 0.00 ms.
Unloading 3363 Unused Serialized files (Serialized files now loaded: 0)
Unloading 28 unused Assets / (113.8 KB). Loaded Objects now: 3823.
Memory consumption went from 115.8 MB to 115.7 MB.
Total: 3.911700 ms (FindLiveObjects: 0.303500 ms CreateObjectMapping: 0.196000 ms MarkObjects: 3.252300 ms  DeleteObjects: 0.158500 ms)

AssetImportParameters requested are different than current active one (requested -> active):
  custom:video-decoder-ogg-theora: a1e56fd34408186e4bbccfd4996cb3dc -> 
  custom:container-muxer-webm: aa71ff27fc2769a1b78a27578f13a17b -> 
  custom:container-demuxer-webm: 4f35f7cbe854078d1ac9338744f61a02 -> 
  custom:video-encoder-webm-vp8: eb34c28f22e8b96e1ab97ce403110664 -> 
  custom:video-codec-MediaFoundation-h265: 746d11721c4dcdbdad8f713fa42b33f4 -> 
  custom:audio-encoder-webm-vorbis: bf7c407c2cedff20999df2af8eb42d56 -> 
  custom:framework-win-MediaFoundation: 216162199b28c13a410421893ffa2e32 -> 
  custom:container-demuxer-ogg: 62fdf1f143b41e24485cea50d1cbac27 -> 
  custom:video-decoder-webm-vp8: 9c59270c3fd7afecdb556c50c9e8de78 -> 
  custom:audio-decoder-ogg-vorbis: bf7c407c2cedff20999df2af8eb42d56 -> 
========================================================================
Received Import Request.
  Time since last request: 7449.613081 seconds.
  path: Assets/Laser Weapons Sound Pack/Free/reloading_009.wav
  artifactKey: Guid(4fa2aa5edbbdb1f4885ff9fcd341bbaf) Importer(815301076,1909f56bfc062723c751e8b465ee728b)
Start importing Assets/Laser Weapons Sound Pack/Free/reloading_009.wav using Guid(4fa2aa5edbbdb1f4885ff9fcd341bbaf) Importer(815301076,1909f56bfc062723c751e8b465ee728b)  -> (artifact id: '3b3887779a855e826e2f20990096e2c8') in 0.163173 seconds 
========================================================================
Received Import Request.
  Time since last request: 0.000021 seconds.
  path: Assets/Laser Weapons Sound Pack/Free/weapon_handling_48.wav
  artifactKey: Guid(b4156ac6286bbf7478ae9be59517bae0) Importer(815301076,1909f56bfc062723c751e8b465ee728b)
Start importing Assets/Laser Weapons Sound Pack/Free/weapon_handling_48.wav using Guid(b4156ac6286bbf7478ae9be59517bae0) Importer(815301076,1909f56bfc062723c751e8b465ee728b)  -> (artifact id: 'b3454219d20d046ee21f024c8e095fe0') in 0.013815 seconds 
========================================================================
Received Import Request.
  Time since last request: 0.000022 seconds.
  path: Assets/Laser Weapons Sound Pack/Free/heavy_blast_007.wav
  artifactKey: Guid(50238a32333496c46bf4f0eef34ca63c) Importer(815301076,1909f56bfc062723c751e8b465ee728b)
Start importing Assets/Laser Weapons Sound Pack/Free/heavy_blast_007.wav using Guid(50238a32333496c46bf4f0eef34ca63c) Importer(815301076,1909f56bfc062723c751e8b465ee728b)  -> (artifact id: '9348aa906144a50d585140a1fb76996d') in 0.011963 seconds 
========================================================================
Received Import Request.
  Time since last request: 0.000023 seconds.
  path: Assets/Laser Weapons Sound Pack/Free/heavy_blast_012.wav
  artifactKey: Guid(23d80b5297162e9459fea98d1bec36f4) Importer(815301076,1909f56bfc062723c751e8b465ee728b)
Start importing Assets/Laser Weapons Sound Pack/Free/heavy_blast_012.wav using Guid(23d80b5297162e9459fea98d1bec36f4) Importer(815301076,1909f56bfc062723c751e8b465ee728b)  -> (artifact id: '3e7d7b542204a7c63a1475f6649cd9b2') in 0.013158 seconds 
========================================================================
Received Import Request.
  Time since last request: 0.000034 seconds.
  path: Assets/Laser Weapons Sound Pack/Free/heavy_blast_014.wav
  artifactKey: Guid(9f45e6a5f5cd816458d7c9359c903f4b) Importer(815301076,1909f56bfc062723c751e8b465ee728b)
Start importing Assets/Laser Weapons Sound Pack/Free/heavy_blast_014.wav using Guid(9f45e6a5f5cd816458d7c9359c903f4b) Importer(815301076,1909f56bfc062723c751e8b465ee728b)  -> (artifact id: '22e5ba4b1cbfb78b0497dce7668dec89') in 0.012291 seconds 
========================================================================
Received Import Request.
  Time since last request: 0.000029 seconds.
  path: Assets/Laser Weapons Sound Pack/Free/weapon_handling_26.wav
  artifactKey: Guid(e8339afb63339ac4ea10a2885d245849) Importer(815301076,1909f56bfc062723c751e8b465ee728b)
Start importing Assets/Laser Weapons Sound Pack/Free/weapon_handling_26.wav using Guid(e8339afb63339ac4ea10a2885d245849) Importer(815301076,1909f56bfc062723c751e8b465ee728b)  -> (artifact id: '5bffdb5f9dfc3ec1d6cac95e7d12017e') in 0.011029 seconds 
========================================================================
Received Import Request.
  Time since last request: 0.000032 seconds.
  path: Assets/Laser Weapons Sound Pack/Free/reloading_004.wav
  artifactKey: Guid(ace79a9e0d4a65547af6715539b6e0c0) Importer(815301076,1909f56bfc062723c751e8b465ee728b)
Start importing Assets/Laser Weapons Sound Pack/Free/reloading_004.wav using Guid(ace79a9e0d4a65547af6715539b6e0c0) Importer(815301076,1909f56bfc062723c751e8b465ee728b)  -> (artifact id: '1173670c9b044b3ae095769ce421d559') in 0.013701 seconds 
========================================================================
Received Import Request.
  Time since last request: 0.000023 seconds.
  path: Assets/Laser Weapons Sound Pack/Free/light_blast_5.wav
  artifactKey: Guid(de812cfb519929c4aad9d296f655c81d) Importer(815301076,1909f56bfc062723c751e8b465ee728b)
Start importing Assets/Laser Weapons Sound Pack/Free/light_blast_5.wav using Guid(de812cfb519929c4aad9d296f655c81d) Importer(815301076,1909f56bfc062723c751e8b465ee728b)  -> (artifact id: '614b36135ff85938dede48d3c5e46fef') in 0.012582 seconds 
Editor requested this worker to shutdown with reason: Scaling down because of idle timeout
AssetImportWorker is now disconnected from the server
Process exiting
Exiting without the bug reporter. Application will terminate with return code 0