Using pre-set license
Built from '2021.3/staging' branch; Version is '2021.3.16f1 (4016570cf34f) revision 4200023'; Using compiler version '192829333'; Build Type 'Release'
OS: 'Windows 11  (10.0.22621) 64bit Core' Language: 'en' Physical Memory: 16051 MB
BatchMode: 1, IsHumanControllingUs: 0, StartBugReporterOnCrash: 0, Is64bit: 1, IsPro: 1

COMMAND LINE ARGUMENTS:
C:\Program Files\Unity\Hub\Editor\2021.3.16f1\Editor\Unity.exe
-adb2
-batchMode
-noUpm
-name
AssetImportWorker4
-projectPath
C:/_GameDevHQ/GH/2D_Space_Shooter_01-23/2D_Assets_Workspace
-logFile
Logs/AssetImportWorker4.log
-srvPort
54921
Successfully changed project path to: C:/_GameDevHQ/GH/2D_Space_Shooter_01-23/2D_Assets_Workspace
C:/_GameDevHQ/GH/2D_Space_Shooter_01-23/2D_Assets_Workspace
[UnityMemory] Configuration Parameters - Can be set up in boot.config
    "memorysetup-bucket-allocator-granularity=16"
    "memorysetup-bucket-allocator-bucket-count=8"
    "memorysetup-bucket-allocator-block-size=33554432"
    "memorysetup-bucket-allocator-block-count=8"
    "memorysetup-main-allocator-block-size=16777216"
    "memorysetup-thread-allocator-block-size=16777216"
    "memorysetup-gfx-main-allocator-block-size=16777216"
    "memorysetup-gfx-thread-allocator-block-size=16777216"
    "memorysetup-cache-allocator-block-size=4194304"
    "memorysetup-typetree-allocator-block-size=2097152"
    "memorysetup-profiler-bucket-allocator-granularity=16"
    "memorysetup-profiler-bucket-allocator-bucket-count=8"
    "memorysetup-profiler-bucket-allocator-block-size=33554432"
    "memorysetup-profiler-bucket-allocator-block-count=8"
    "memorysetup-profiler-allocator-block-size=16777216"
    "memorysetup-profiler-editor-allocator-block-size=1048576"
    "memorysetup-temp-allocator-size-main=16777216"
    "memorysetup-job-temp-allocator-block-size=2097152"
    "memorysetup-job-temp-allocator-block-size-background=1048576"
    "memorysetup-job-temp-allocator-reduction-small-platforms=262144"
    "memorysetup-temp-allocator-size-background-worker=32768"
    "memorysetup-temp-allocator-size-job-worker=262144"
    "memorysetup-temp-allocator-size-preload-manager=33554432"
    "memorysetup-temp-allocator-size-nav-mesh-worker=65536"
    "memorysetup-temp-allocator-size-audio-worker=65536"
    "memorysetup-temp-allocator-size-cloud-worker=32768"
    "memorysetup-temp-allocator-size-gi-baking-worker=262144"
    "memorysetup-temp-allocator-size-gfx=262144"
Player connection [7332] Host "[IP] 192.168.1.200 [Port] 0 [Flags] 2 [Guid] 2130963482 [EditorId] 2130963482 [Version] 1048832 [Id] WindowsEditor(7,MYC_HPO16L) [Debug] 1 [PackageName] WindowsEditor [ProjectName] Editor" joined multi-casting on [225.0.0.222:54997]...

Player connection [7332] Host "[IP] 192.168.1.200 [Port] 0 [Flags] 2 [Guid] 2130963482 [EditorId] 2130963482 [Version] 1048832 [Id] WindowsEditor(7,MYC_HPO16L) [Debug] 1 [PackageName] WindowsEditor [ProjectName] Editor" joined alternative multi-casting on [225.0.0.222:34997]...

Refreshing native plugins compatible for Editor in 65.61 ms, found 3 plugins.
Preloading 0 native plugins for Editor in 0.00 ms.
Initialize engine version: 2021.3.16f1 (4016570cf34f)
[Subsystems] Discovering subsystems at path C:/Program Files/Unity/Hub/Editor/2021.3.16f1/Editor/Data/Resources/UnitySubsystems
[Subsystems] Discovering subsystems at path C:/_GameDevHQ/GH/2D_Space_Shooter_01-23/2D_Assets_Workspace/Assets
GfxDevice: creating device client; threaded=0; jobified=0
Direct3D:
    Version:  Direct3D 11.0 [level 11.1]
    Renderer: NVIDIA GeForce RTX 3060 Laptop GPU (ID=0x2520)
    Vendor:   NVIDIA
    VRAM:     6009 MB
    Driver:   31.0.15.3713
Initialize mono
Mono path[0] = 'C:/Program Files/Unity/Hub/Editor/2021.3.16f1/Editor/Data/Managed'
Mono path[1] = 'C:/Program Files/Unity/Hub/Editor/2021.3.16f1/Editor/Data/MonoBleedingEdge/lib/mono/unityjit-win32'
Mono config path = 'C:/Program Files/Unity/Hub/Editor/2021.3.16f1/Editor/Data/MonoBleedingEdge/etc'
Using monoOptions --debugger-agent=transport=dt_socket,embedding=1,server=y,suspend=n,address=127.0.0.1:56264
Begin MonoManager ReloadAssembly
Registering precompiled unity dll's ...
Register platform support module: C:/Program Files/Unity/Hub/Editor/2021.3.16f1/Editor/Data/PlaybackEngines/WebGLSupport/UnityEditor.WebGL.Extensions.dll
Register platform support module: C:/Program Files/Unity/Hub/Editor/2021.3.16f1/Editor/Data/PlaybackEngines/AndroidPlayer/UnityEditor.Android.Extensions.dll
Register platform support module: C:/Program Files/Unity/Hub/Editor/2021.3.16f1/Editor/Data/PlaybackEngines/WindowsStandaloneSupport/UnityEditor.WindowsStandalone.Extensions.dll
Registered in 0.003289 seconds.
Native extension for WindowsStandalone target not found
Native extension for Android target not found
Native extension for WebGL target not found
Refreshing native plugins compatible for Editor in 82.33 ms, found 3 plugins.
Preloading 0 native plugins for Editor in 0.00 ms.
Mono: successfully reloaded assembly
- Completed reload, in  0.496 seconds
Domain Reload Profiling:
	ReloadAssembly (497ms)
		BeginReloadAssembly (51ms)
			ExecutionOrderSort (0ms)
			DisableScriptedObjects (0ms)
			BackupInstance (0ms)
			ReleaseScriptingObjects (0ms)
			CreateAndSetChildDomain (1ms)
		EndReloadAssembly (368ms)
			LoadAssemblies (50ms)
			RebuildTransferFunctionScriptingTraits (0ms)
			SetupTypeCache (76ms)
			ReleaseScriptCaches (0ms)
			RebuildScriptCaches (21ms)
			SetupLoadedEditorAssemblies (236ms)
				LogAssemblyErrors (0ms)
				InitializePlatformSupportModulesInManaged (41ms)
				SetLoadedEditorAssemblies (0ms)
				RefreshPlugins (82ms)
				BeforeProcessingInitializeOnLoad (1ms)
				ProcessInitializeOnLoadAttributes (76ms)
				ProcessInitializeOnLoadMethodAttributes (36ms)
				AfterProcessingInitializeOnLoad (0ms)
				EditorAssembliesLoaded (0ms)
			ExecutionOrderSort2 (0ms)
			AwakeInstancesAfterBackupRestoration (0ms)
Platform modules already initialized, skipping
Registering precompiled user dll's ...
Registered in 0.003479 seconds.
Begin MonoManager ReloadAssembly
Symbol file LoadedFromMemory doesn't match image C:\_GameDevHQ\GH\2D_Space_Shooter_01-23\2D_Assets_Workspace\Library\PackageCache\com.unity.visualscripting@1.7.8\Editor\VisualScripting.Core\Dependencies\YamlDotNet\Unity.VisualScripting.YamlDotNet.dll
Symbol file LoadedFromMemory doesn't match image C:\_GameDevHQ\GH\2D_Space_Shooter_01-23\2D_Assets_Workspace\Library\PackageCache\com.unity.visualscripting@1.7.8\Editor\VisualScripting.Core\Dependencies\DotNetZip\Unity.VisualScripting.IonicZip.dll
Native extension for WindowsStandalone target not found
Native extension for Android target not found
Native extension for WebGL target not found
Refreshing native plugins compatible for Editor in 0.47 ms, found 3 plugins.
Preloading 0 native plugins for Editor in 0.00 ms.
Mono: successfully reloaded assembly
- Completed reload, in  0.991 seconds
Domain Reload Profiling:
	ReloadAssembly (992ms)
		BeginReloadAssembly (201ms)
			ExecutionOrderSort (0ms)
			DisableScriptedObjects (7ms)
			BackupInstance (0ms)
			ReleaseScriptingObjects (0ms)
			CreateAndSetChildDomain (126ms)
		EndReloadAssembly (693ms)
			LoadAssemblies (64ms)
			RebuildTransferFunctionScriptingTraits (0ms)
			SetupTypeCache (237ms)
			ReleaseScriptCaches (1ms)
			RebuildScriptCaches (41ms)
			SetupLoadedEditorAssemblies (304ms)
				LogAssemblyErrors (0ms)
				InitializePlatformSupportModulesInManaged (11ms)
				SetLoadedEditorAssemblies (0ms)
				RefreshPlugins (1ms)
				BeforeProcessingInitializeOnLoad (63ms)
				ProcessInitializeOnLoadAttributes (201ms)
				ProcessInitializeOnLoadMethodAttributes (23ms)
				AfterProcessingInitializeOnLoad (5ms)
				EditorAssembliesLoaded (0ms)
			ExecutionOrderSort2 (0ms)
			AwakeInstancesAfterBackupRestoration (12ms)
Platform modules already initialized, skipping
========================================================================
Worker process is ready to serve import requests
Launched and connected shader compiler UnityShaderCompiler.exe after 0.08 seconds
Refreshing native plugins compatible for Editor in 0.73 ms, found 3 plugins.
Preloading 0 native plugins for Editor in 0.00 ms.
Unloading 3363 Unused Serialized files (Serialized files now loaded: 0)
Unloading 28 unused Assets / (113.8 KB). Loaded Objects now: 3823.
Memory consumption went from 115.8 MB to 115.7 MB.
Total: 4.033300 ms (FindLiveObjects: 0.262300 ms CreateObjectMapping: 0.195300 ms MarkObjects: 3.401400 ms  DeleteObjects: 0.172700 ms)

AssetImportParameters requested are different than current active one (requested -> active):
  custom:video-decoder-ogg-theora: a1e56fd34408186e4bbccfd4996cb3dc -> 
  custom:container-muxer-webm: aa71ff27fc2769a1b78a27578f13a17b -> 
  custom:container-demuxer-webm: 4f35f7cbe854078d1ac9338744f61a02 -> 
  custom:video-encoder-webm-vp8: eb34c28f22e8b96e1ab97ce403110664 -> 
  custom:video-codec-MediaFoundation-h265: 746d11721c4dcdbdad8f713fa42b33f4 -> 
  custom:audio-encoder-webm-vorbis: bf7c407c2cedff20999df2af8eb42d56 -> 
  custom:framework-win-MediaFoundation: 216162199b28c13a410421893ffa2e32 -> 
  custom:container-demuxer-ogg: 62fdf1f143b41e24485cea50d1cbac27 -> 
  custom:video-decoder-webm-vp8: 9c59270c3fd7afecdb556c50c9e8de78 -> 
  custom:audio-decoder-ogg-vorbis: bf7c407c2cedff20999df2af8eb42d56 -> 
========================================================================
Received Import Request.
  Time since last request: 7449.600147 seconds.
  path: Assets/Laser Weapons Sound Pack/Free/reloading_001.wav
  artifactKey: Guid(f84a2bf3a6b43994a970dab1c4bc6fe8) Importer(815301076,1909f56bfc062723c751e8b465ee728b)
Start importing Assets/Laser Weapons Sound Pack/Free/reloading_001.wav using Guid(f84a2bf3a6b43994a970dab1c4bc6fe8) Importer(815301076,1909f56bfc062723c751e8b465ee728b)  -> (artifact id: '8c82ad6deb1513ddf416503930743c54') in 0.138131 seconds 
========================================================================
Received Import Request.
  Time since last request: 0.000027 seconds.
  path: Assets/Laser Weapons Sound Pack/Free/heavy_blast_001.wav
  artifactKey: Guid(18d6a007b013c9d4ebf7f7c44e1e5f06) Importer(815301076,1909f56bfc062723c751e8b465ee728b)
Start importing Assets/Laser Weapons Sound Pack/Free/heavy_blast_001.wav using Guid(18d6a007b013c9d4ebf7f7c44e1e5f06) Importer(815301076,1909f56bfc062723c751e8b465ee728b)  -> (artifact id: 'c682118b526c689a8d9e8a32dc820a18') in 0.016641 seconds 
========================================================================
Received Import Request.
  Time since last request: 0.000031 seconds.
  path: Assets/Laser Weapons Sound Pack/Free/reloading_007.wav
  artifactKey: Guid(26356ca5317d05a479bb9799dceb503d) Importer(815301076,1909f56bfc062723c751e8b465ee728b)
Start importing Assets/Laser Weapons Sound Pack/Free/reloading_007.wav using Guid(26356ca5317d05a479bb9799dceb503d) Importer(815301076,1909f56bfc062723c751e8b465ee728b)  -> (artifact id: '013e5835586996185518d146957985be') in 0.013069 seconds 
========================================================================
Received Import Request.
  Time since last request: 0.000023 seconds.
  path: Assets/Laser Weapons Sound Pack/Free/reloading_011.wav
  artifactKey: Guid(835650bb09b06a64283da59cab58afde) Importer(815301076,1909f56bfc062723c751e8b465ee728b)
Start importing Assets/Laser Weapons Sound Pack/Free/reloading_011.wav using Guid(835650bb09b06a64283da59cab58afde) Importer(815301076,1909f56bfc062723c751e8b465ee728b)  -> (artifact id: '544e8181b38b403960ee360325c8b4bc') in 0.013766 seconds 
========================================================================
Received Import Request.
  Time since last request: 0.000030 seconds.
  path: Assets/Laser Weapons Sound Pack/Free/light_blast_6.wav
  artifactKey: Guid(60a0682fbc82bd244bdae3f3445cfd17) Importer(815301076,1909f56bfc062723c751e8b465ee728b)
Start importing Assets/Laser Weapons Sound Pack/Free/light_blast_6.wav using Guid(60a0682fbc82bd244bdae3f3445cfd17) Importer(815301076,1909f56bfc062723c751e8b465ee728b)  -> (artifact id: '5c2b52f84d85d6d61efcbf844669cb00') in 0.011014 seconds 
========================================================================
Received Import Request.
  Time since last request: 0.000028 seconds.
  path: Assets/Laser Weapons Sound Pack/Free/continuous_beam_5.wav
  artifactKey: Guid(5c8899e8ddc3f2e46a900ccaeb4d44ca) Importer(815301076,1909f56bfc062723c751e8b465ee728b)
Start importing Assets/Laser Weapons Sound Pack/Free/continuous_beam_5.wav using Guid(5c8899e8ddc3f2e46a900ccaeb4d44ca) Importer(815301076,1909f56bfc062723c751e8b465ee728b)  -> (artifact id: '8d6692cbcbacff769b039a4a49a06cc0') in 0.013508 seconds 
========================================================================
Received Import Request.
  Time since last request: 0.000036 seconds.
  path: Assets/Laser Weapons Sound Pack/Free/heavy_blast_009.wav
  artifactKey: Guid(b590eb6e51c172d4ea06202230bf8177) Importer(815301076,1909f56bfc062723c751e8b465ee728b)
Start importing Assets/Laser Weapons Sound Pack/Free/heavy_blast_009.wav using Guid(b590eb6e51c172d4ea06202230bf8177) Importer(815301076,1909f56bfc062723c751e8b465ee728b)  -> (artifact id: '4429e4ee5aff881bcff8ecc8b7d8b69b') in 0.013470 seconds 
========================================================================
Received Import Request.
  Time since last request: 0.000019 seconds.
  path: Assets/Laser Weapons Sound Pack/Free/continuous_beam_2.wav
  artifactKey: Guid(2ce0c987f044d984cbfb30a5161557e4) Importer(815301076,1909f56bfc062723c751e8b465ee728b)
Start importing Assets/Laser Weapons Sound Pack/Free/continuous_beam_2.wav using Guid(2ce0c987f044d984cbfb30a5161557e4) Importer(815301076,1909f56bfc062723c751e8b465ee728b)  -> (artifact id: '8fdb859386a8ca0f2faf77ecfd91b266') in 0.010260 seconds 
========================================================================
Received Import Request.
  Time since last request: 0.000021 seconds.
  path: Assets/Laser Weapons Sound Pack/Free/reloading_012.wav
  artifactKey: Guid(5fe71794958af0c4e8238336c5fd0994) Importer(815301076,1909f56bfc062723c751e8b465ee728b)
Start importing Assets/Laser Weapons Sound Pack/Free/reloading_012.wav using Guid(5fe71794958af0c4e8238336c5fd0994) Importer(815301076,1909f56bfc062723c751e8b465ee728b)  -> (artifact id: '7723bf85546f8225d1a3f4404ccfa3a7') in 0.015056 seconds 
========================================================================
Received Import Request.
  Time since last request: 0.000036 seconds.
  path: Assets/Laser Weapons Sound Pack/Free/reloading_005.wav
  artifactKey: Guid(c11fb3b3ced9fff40a645a5a5d1157a1) Importer(815301076,1909f56bfc062723c751e8b465ee728b)
Start importing Assets/Laser Weapons Sound Pack/Free/reloading_005.wav using Guid(c11fb3b3ced9fff40a645a5a5d1157a1) Importer(815301076,1909f56bfc062723c751e8b465ee728b)  -> (artifact id: '97bc1ccd0578735649cfbedc1de79449') in 0.012747 seconds 
Editor requested this worker to shutdown with reason: Scaling down because of idle timeout
AssetImportWorker is now disconnected from the server
Process exiting
Exiting without the bug reporter. Application will terminate with return code 0