Using pre-set license
Built from '2021.3/staging' branch; Version is '2021.3.16f1 (4016570cf34f) revision 4200023'; Using compiler version '192829333'; Build Type 'Release'
OS: 'Windows 11  (10.0.22621) 64bit Core' Language: 'en' Physical Memory: 16051 MB
BatchMode: 1, IsHumanControllingUs: 0, StartBugReporterOnCrash: 0, Is64bit: 1, IsPro: 1

COMMAND LINE ARGUMENTS:
C:\Program Files\Unity\Hub\Editor\2021.3.16f1\Editor\Unity.exe
-adb2
-batchMode
-noUpm
-name
AssetImportWorker3
-projectPath
C:/_GameDevHQ/GH/2D_Space_Shooter_01-23/2D_Assets_Workspace
-logFile
Logs/AssetImportWorker3.log
-srvPort
54921
Successfully changed project path to: C:/_GameDevHQ/GH/2D_Space_Shooter_01-23/2D_Assets_Workspace
C:/_GameDevHQ/GH/2D_Space_Shooter_01-23/2D_Assets_Workspace
[UnityMemory] Configuration Parameters - Can be set up in boot.config
    "memorysetup-bucket-allocator-granularity=16"
    "memorysetup-bucket-allocator-bucket-count=8"
    "memorysetup-bucket-allocator-block-size=33554432"
    "memorysetup-bucket-allocator-block-count=8"
    "memorysetup-main-allocator-block-size=16777216"
    "memorysetup-thread-allocator-block-size=16777216"
    "memorysetup-gfx-main-allocator-block-size=16777216"
    "memorysetup-gfx-thread-allocator-block-size=16777216"
    "memorysetup-cache-allocator-block-size=4194304"
    "memorysetup-typetree-allocator-block-size=2097152"
    "memorysetup-profiler-bucket-allocator-granularity=16"
    "memorysetup-profiler-bucket-allocator-bucket-count=8"
    "memorysetup-profiler-bucket-allocator-block-size=33554432"
    "memorysetup-profiler-bucket-allocator-block-count=8"
    "memorysetup-profiler-allocator-block-size=16777216"
    "memorysetup-profiler-editor-allocator-block-size=1048576"
    "memorysetup-temp-allocator-size-main=16777216"
    "memorysetup-job-temp-allocator-block-size=2097152"
    "memorysetup-job-temp-allocator-block-size-background=1048576"
    "memorysetup-job-temp-allocator-reduction-small-platforms=262144"
    "memorysetup-temp-allocator-size-background-worker=32768"
    "memorysetup-temp-allocator-size-job-worker=262144"
    "memorysetup-temp-allocator-size-preload-manager=33554432"
    "memorysetup-temp-allocator-size-nav-mesh-worker=65536"
    "memorysetup-temp-allocator-size-audio-worker=65536"
    "memorysetup-temp-allocator-size-cloud-worker=32768"
    "memorysetup-temp-allocator-size-gi-baking-worker=262144"
    "memorysetup-temp-allocator-size-gfx=262144"
Player connection [8580] Host "[IP] 192.168.1.200 [Port] 0 [Flags] 2 [Guid] 4099568089 [EditorId] 4099568089 [Version] 1048832 [Id] WindowsEditor(7,MYC_HPO16L) [Debug] 1 [PackageName] WindowsEditor [ProjectName] Editor" joined multi-casting on [225.0.0.222:54997]...

Player connection [8580] Host "[IP] 192.168.1.200 [Port] 0 [Flags] 2 [Guid] 4099568089 [EditorId] 4099568089 [Version] 1048832 [Id] WindowsEditor(7,MYC_HPO16L) [Debug] 1 [PackageName] WindowsEditor [ProjectName] Editor" joined alternative multi-casting on [225.0.0.222:34997]...

Refreshing native plugins compatible for Editor in 55.78 ms, found 3 plugins.
Preloading 0 native plugins for Editor in 0.00 ms.
Initialize engine version: 2021.3.16f1 (4016570cf34f)
[Subsystems] Discovering subsystems at path C:/Program Files/Unity/Hub/Editor/2021.3.16f1/Editor/Data/Resources/UnitySubsystems
[Subsystems] Discovering subsystems at path C:/_GameDevHQ/GH/2D_Space_Shooter_01-23/2D_Assets_Workspace/Assets
GfxDevice: creating device client; threaded=0; jobified=0
Direct3D:
    Version:  Direct3D 11.0 [level 11.1]
    Renderer: NVIDIA GeForce RTX 3060 Laptop GPU (ID=0x2520)
    Vendor:   NVIDIA
    VRAM:     6009 MB
    Driver:   31.0.15.3713
Initialize mono
Mono path[0] = 'C:/Program Files/Unity/Hub/Editor/2021.3.16f1/Editor/Data/Managed'
Mono path[1] = 'C:/Program Files/Unity/Hub/Editor/2021.3.16f1/Editor/Data/MonoBleedingEdge/lib/mono/unityjit-win32'
Mono config path = 'C:/Program Files/Unity/Hub/Editor/2021.3.16f1/Editor/Data/MonoBleedingEdge/etc'
Using monoOptions --debugger-agent=transport=dt_socket,embedding=1,server=y,suspend=n,address=127.0.0.1:56408
Begin MonoManager ReloadAssembly
Registering precompiled unity dll's ...
Register platform support module: C:/Program Files/Unity/Hub/Editor/2021.3.16f1/Editor/Data/PlaybackEngines/WebGLSupport/UnityEditor.WebGL.Extensions.dll
Register platform support module: C:/Program Files/Unity/Hub/Editor/2021.3.16f1/Editor/Data/PlaybackEngines/AndroidPlayer/UnityEditor.Android.Extensions.dll
Register platform support module: C:/Program Files/Unity/Hub/Editor/2021.3.16f1/Editor/Data/PlaybackEngines/WindowsStandaloneSupport/UnityEditor.WindowsStandalone.Extensions.dll
Registered in 0.004009 seconds.
Native extension for WindowsStandalone target not found
Native extension for Android target not found
Native extension for WebGL target not found
Refreshing native plugins compatible for Editor in 57.02 ms, found 3 plugins.
Preloading 0 native plugins for Editor in 0.00 ms.
Mono: successfully reloaded assembly
- Completed reload, in  0.514 seconds
Domain Reload Profiling:
	ReloadAssembly (515ms)
		BeginReloadAssembly (51ms)
			ExecutionOrderSort (0ms)
			DisableScriptedObjects (0ms)
			BackupInstance (0ms)
			ReleaseScriptingObjects (0ms)
			CreateAndSetChildDomain (1ms)
		EndReloadAssembly (386ms)
			LoadAssemblies (50ms)
			RebuildTransferFunctionScriptingTraits (0ms)
			SetupTypeCache (88ms)
			ReleaseScriptCaches (0ms)
			RebuildScriptCaches (25ms)
			SetupLoadedEditorAssemblies (233ms)
				LogAssemblyErrors (0ms)
				InitializePlatformSupportModulesInManaged (54ms)
				SetLoadedEditorAssemblies (0ms)
				RefreshPlugins (57ms)
				BeforeProcessingInitializeOnLoad (1ms)
				ProcessInitializeOnLoadAttributes (85ms)
				ProcessInitializeOnLoadMethodAttributes (35ms)
				AfterProcessingInitializeOnLoad (0ms)
				EditorAssembliesLoaded (0ms)
			ExecutionOrderSort2 (0ms)
			AwakeInstancesAfterBackupRestoration (0ms)
Platform modules already initialized, skipping
Registering precompiled user dll's ...
Registered in 0.003528 seconds.
Begin MonoManager ReloadAssembly
Symbol file LoadedFromMemory doesn't match image C:\_GameDevHQ\GH\2D_Space_Shooter_01-23\2D_Assets_Workspace\Library\PackageCache\com.unity.visualscripting@1.7.8\Editor\VisualScripting.Core\Dependencies\YamlDotNet\Unity.VisualScripting.YamlDotNet.dll
Symbol file LoadedFromMemory doesn't match image C:\_GameDevHQ\GH\2D_Space_Shooter_01-23\2D_Assets_Workspace\Library\PackageCache\com.unity.visualscripting@1.7.8\Editor\VisualScripting.Core\Dependencies\DotNetZip\Unity.VisualScripting.IonicZip.dll
Native extension for WindowsStandalone target not found
Native extension for Android target not found
Native extension for WebGL target not found
Refreshing native plugins compatible for Editor in 0.43 ms, found 3 plugins.
Preloading 0 native plugins for Editor in 0.00 ms.
Mono: successfully reloaded assembly
- Completed reload, in  0.972 seconds
Domain Reload Profiling:
	ReloadAssembly (972ms)
		BeginReloadAssembly (219ms)
			ExecutionOrderSort (0ms)
			DisableScriptedObjects (5ms)
			BackupInstance (0ms)
			ReleaseScriptingObjects (0ms)
			CreateAndSetChildDomain (134ms)
		EndReloadAssembly (661ms)
			LoadAssemblies (66ms)
			RebuildTransferFunctionScriptingTraits (0ms)
			SetupTypeCache (233ms)
			ReleaseScriptCaches (0ms)
			RebuildScriptCaches (38ms)
			SetupLoadedEditorAssemblies (293ms)
				LogAssemblyErrors (0ms)
				InitializePlatformSupportModulesInManaged (15ms)
				SetLoadedEditorAssemblies (0ms)
				RefreshPlugins (0ms)
				BeforeProcessingInitializeOnLoad (64ms)
				ProcessInitializeOnLoadAttributes (191ms)
				ProcessInitializeOnLoadMethodAttributes (18ms)
				AfterProcessingInitializeOnLoad (4ms)
				EditorAssembliesLoaded (0ms)
			ExecutionOrderSort2 (0ms)
			AwakeInstancesAfterBackupRestoration (5ms)
Platform modules already initialized, skipping
========================================================================
Worker process is ready to serve import requests
Launched and connected shader compiler UnityShaderCompiler.exe after 0.07 seconds
Refreshing native plugins compatible for Editor in 0.69 ms, found 3 plugins.
Preloading 0 native plugins for Editor in 0.00 ms.
Unloading 3363 Unused Serialized files (Serialized files now loaded: 0)
Unloading 28 unused Assets / (113.8 KB). Loaded Objects now: 3823.
Memory consumption went from 115.8 MB to 115.7 MB.
Total: 3.897500 ms (FindLiveObjects: 0.257100 ms CreateObjectMapping: 0.191500 ms MarkObjects: 3.315800 ms  DeleteObjects: 0.131500 ms)

AssetImportParameters requested are different than current active one (requested -> active):
  custom:video-decoder-ogg-theora: a1e56fd34408186e4bbccfd4996cb3dc -> 
  custom:container-muxer-webm: aa71ff27fc2769a1b78a27578f13a17b -> 
  custom:container-demuxer-webm: 4f35f7cbe854078d1ac9338744f61a02 -> 
  custom:video-encoder-webm-vp8: eb34c28f22e8b96e1ab97ce403110664 -> 
  custom:video-codec-MediaFoundation-h265: 746d11721c4dcdbdad8f713fa42b33f4 -> 
  custom:audio-encoder-webm-vorbis: bf7c407c2cedff20999df2af8eb42d56 -> 
  custom:framework-win-MediaFoundation: 216162199b28c13a410421893ffa2e32 -> 
  custom:container-demuxer-ogg: 62fdf1f143b41e24485cea50d1cbac27 -> 
  custom:video-decoder-webm-vp8: 9c59270c3fd7afecdb556c50c9e8de78 -> 
  custom:audio-decoder-ogg-vorbis: bf7c407c2cedff20999df2af8eb42d56 -> 
========================================================================
Received Import Request.
  Time since last request: 7449.623711 seconds.
  path: Assets/Laser Weapons Sound Pack/Free/light_blast_11.wav
  artifactKey: Guid(e70eb034c8ae4fe42b00d809716998e4) Importer(815301076,1909f56bfc062723c751e8b465ee728b)
Start importing Assets/Laser Weapons Sound Pack/Free/light_blast_11.wav using Guid(e70eb034c8ae4fe42b00d809716998e4) Importer(815301076,1909f56bfc062723c751e8b465ee728b)  -> (artifact id: 'f97b387172887ae8886f35179a794330') in 0.130856 seconds 
========================================================================
Received Import Request.
  Time since last request: 0.000026 seconds.
  path: Assets/Laser Weapons Sound Pack/Free/reloading_003.wav
  artifactKey: Guid(5034636124c582b4893800f869124732) Importer(815301076,1909f56bfc062723c751e8b465ee728b)
Start importing Assets/Laser Weapons Sound Pack/Free/reloading_003.wav using Guid(5034636124c582b4893800f869124732) Importer(815301076,1909f56bfc062723c751e8b465ee728b)  -> (artifact id: '7e9ce247f98929f2716a7094482fce2c') in 0.013108 seconds 
========================================================================
Received Import Request.
  Time since last request: 0.000053 seconds.
  path: Assets/Laser Weapons Sound Pack/Free/reloading_006.wav
  artifactKey: Guid(8ef9910cbbea2eb419a97151cec5d358) Importer(815301076,1909f56bfc062723c751e8b465ee728b)
Start importing Assets/Laser Weapons Sound Pack/Free/reloading_006.wav using Guid(8ef9910cbbea2eb419a97151cec5d358) Importer(815301076,1909f56bfc062723c751e8b465ee728b)  -> (artifact id: '2c70218a292e7b5f90e8619a416f0839') in 0.012359 seconds 
========================================================================
Received Import Request.
  Time since last request: 0.000021 seconds.
  path: Assets/Laser Weapons Sound Pack/Free/light_blast_2.wav
  artifactKey: Guid(8154f5e18ea48164e9cb0132012cf432) Importer(815301076,1909f56bfc062723c751e8b465ee728b)
Start importing Assets/Laser Weapons Sound Pack/Free/light_blast_2.wav using Guid(8154f5e18ea48164e9cb0132012cf432) Importer(815301076,1909f56bfc062723c751e8b465ee728b)  -> (artifact id: '06c09cdb669487801ea5258ee48a601b') in 0.012253 seconds 
========================================================================
Received Import Request.
  Time since last request: 0.000017 seconds.
  path: Assets/Laser Weapons Sound Pack/Free/weapon_handling_37.wav
  artifactKey: Guid(d3bfc09906578ae4f97f0be75ae2cce8) Importer(815301076,1909f56bfc062723c751e8b465ee728b)
Start importing Assets/Laser Weapons Sound Pack/Free/weapon_handling_37.wav using Guid(d3bfc09906578ae4f97f0be75ae2cce8) Importer(815301076,1909f56bfc062723c751e8b465ee728b)  -> (artifact id: '2bdd9bbf43385de5563183eeb7b65d46') in 0.011419 seconds 
========================================================================
Received Import Request.
  Time since last request: 0.000040 seconds.
  path: Assets/Laser Weapons Sound Pack/Free/reloading_008.wav
  artifactKey: Guid(c4f24bb3e1531b44796fc33c46287cea) Importer(815301076,1909f56bfc062723c751e8b465ee728b)
Start importing Assets/Laser Weapons Sound Pack/Free/reloading_008.wav using Guid(c4f24bb3e1531b44796fc33c46287cea) Importer(815301076,1909f56bfc062723c751e8b465ee728b)  -> (artifact id: '2dfff8cc9e58fc598d01aab205aa78eb') in 0.012570 seconds 
========================================================================
Received Import Request.
  Time since last request: 0.000039 seconds.
  path: Assets/Laser Weapons Sound Pack/Free/light_blast_4.wav
  artifactKey: Guid(5dbc74a65da58144aa0a20190bcd4909) Importer(815301076,1909f56bfc062723c751e8b465ee728b)
Start importing Assets/Laser Weapons Sound Pack/Free/light_blast_4.wav using Guid(5dbc74a65da58144aa0a20190bcd4909) Importer(815301076,1909f56bfc062723c751e8b465ee728b)  -> (artifact id: '2d3efdb73dc735439348d71271fb537a') in 0.010082 seconds 
========================================================================
Received Import Request.
  Time since last request: 0.000022 seconds.
  path: Assets/Laser Weapons Sound Pack/Free/weapon_handling_44.wav
  artifactKey: Guid(3fb5208c19ed6c34fba23b1d81a67377) Importer(815301076,1909f56bfc062723c751e8b465ee728b)
Start importing Assets/Laser Weapons Sound Pack/Free/weapon_handling_44.wav using Guid(3fb5208c19ed6c34fba23b1d81a67377) Importer(815301076,1909f56bfc062723c751e8b465ee728b)  -> (artifact id: '763d42369c7c2d0e08c558df46c0e5a8') in 0.013636 seconds 
========================================================================
Received Import Request.
  Time since last request: 0.000018 seconds.
  path: Assets/Laser Weapons Sound Pack/Free/light_blast_8.wav
  artifactKey: Guid(b02661b1983843f4a8e25854215c13f1) Importer(815301076,1909f56bfc062723c751e8b465ee728b)
Start importing Assets/Laser Weapons Sound Pack/Free/light_blast_8.wav using Guid(b02661b1983843f4a8e25854215c13f1) Importer(815301076,1909f56bfc062723c751e8b465ee728b)  -> (artifact id: '0b67c3deadccdd8f24bcd89cbbbd7a8f') in 0.013279 seconds 
========================================================================
Received Import Request.
  Time since last request: 0.000025 seconds.
  path: Assets/Laser Weapons Sound Pack/Free/light_blast_9.wav
  artifactKey: Guid(ba5b9da8b3b9af742abfa0fd399e1a0f) Importer(815301076,1909f56bfc062723c751e8b465ee728b)
Start importing Assets/Laser Weapons Sound Pack/Free/light_blast_9.wav using Guid(ba5b9da8b3b9af742abfa0fd399e1a0f) Importer(815301076,1909f56bfc062723c751e8b465ee728b)  -> (artifact id: '9c9064eb3eb1eb4a2a885c698ee35fc8') in 0.011078 seconds 
