Using pre-set license
Built from '2021.3/staging' branch; Version is '2021.3.16f1 (4016570cf34f) revision 4200023'; Using compiler version '192829333'; Build Type 'Release'
OS: 'Windows 11  (10.0.22621) 64bit Core' Language: 'en' Physical Memory: 16051 MB
BatchMode: 1, IsHumanControllingUs: 0, StartBugReporterOnCrash: 0, Is64bit: 1, IsPro: 1

COMMAND LINE ARGUMENTS:
C:\Program Files\Unity\Hub\Editor\2021.3.16f1\Editor\Unity.exe
-adb2
-batchMode
-noUpm
-name
AssetImportWorker1
-projectPath
C:/_GameDevHQ/GH/2D_Space_Shooter_01-23/2D_Assets_Workspace
-logFile
Logs/AssetImportWorker1.log
-srvPort
54921
Successfully changed project path to: C:/_GameDevHQ/GH/2D_Space_Shooter_01-23/2D_Assets_Workspace
C:/_GameDevHQ/GH/2D_Space_Shooter_01-23/2D_Assets_Workspace
[UnityMemory] Configuration Parameters - Can be set up in boot.config
    "memorysetup-bucket-allocator-granularity=16"
    "memorysetup-bucket-allocator-bucket-count=8"
    "memorysetup-bucket-allocator-block-size=33554432"
    "memorysetup-bucket-allocator-block-count=8"
    "memorysetup-main-allocator-block-size=16777216"
    "memorysetup-thread-allocator-block-size=16777216"
    "memorysetup-gfx-main-allocator-block-size=16777216"
    "memorysetup-gfx-thread-allocator-block-size=16777216"
    "memorysetup-cache-allocator-block-size=4194304"
    "memorysetup-typetree-allocator-block-size=2097152"
    "memorysetup-profiler-bucket-allocator-granularity=16"
    "memorysetup-profiler-bucket-allocator-bucket-count=8"
    "memorysetup-profiler-bucket-allocator-block-size=33554432"
    "memorysetup-profiler-bucket-allocator-block-count=8"
    "memorysetup-profiler-allocator-block-size=16777216"
    "memorysetup-profiler-editor-allocator-block-size=1048576"
    "memorysetup-temp-allocator-size-main=16777216"
    "memorysetup-job-temp-allocator-block-size=2097152"
    "memorysetup-job-temp-allocator-block-size-background=1048576"
    "memorysetup-job-temp-allocator-reduction-small-platforms=262144"
    "memorysetup-temp-allocator-size-background-worker=32768"
    "memorysetup-temp-allocator-size-job-worker=262144"
    "memorysetup-temp-allocator-size-preload-manager=33554432"
    "memorysetup-temp-allocator-size-nav-mesh-worker=65536"
    "memorysetup-temp-allocator-size-audio-worker=65536"
    "memorysetup-temp-allocator-size-cloud-worker=32768"
    "memorysetup-temp-allocator-size-gi-baking-worker=262144"
    "memorysetup-temp-allocator-size-gfx=262144"
Player connection [24872] Host "[IP] 192.168.1.200 [Port] 0 [Flags] 2 [Guid] 490410025 [EditorId] 490410025 [Version] 1048832 [Id] WindowsEditor(7,MYC_HPO16L) [Debug] 1 [PackageName] WindowsEditor [ProjectName] Editor" joined multi-casting on [225.0.0.222:54997]...

Player connection [24872] Host "[IP] 192.168.1.200 [Port] 0 [Flags] 2 [Guid] 490410025 [EditorId] 490410025 [Version] 1048832 [Id] WindowsEditor(7,MYC_HPO16L) [Debug] 1 [PackageName] WindowsEditor [ProjectName] Editor" joined alternative multi-casting on [225.0.0.222:34997]...

Refreshing native plugins compatible for Editor in 53.43 ms, found 3 plugins.
Preloading 0 native plugins for Editor in 0.00 ms.
Initialize engine version: 2021.3.16f1 (4016570cf34f)
[Subsystems] Discovering subsystems at path C:/Program Files/Unity/Hub/Editor/2021.3.16f1/Editor/Data/Resources/UnitySubsystems
[Subsystems] Discovering subsystems at path C:/_GameDevHQ/GH/2D_Space_Shooter_01-23/2D_Assets_Workspace/Assets
GfxDevice: creating device client; threaded=0; jobified=0
Direct3D:
    Version:  Direct3D 11.0 [level 11.1]
    Renderer: NVIDIA GeForce RTX 3060 Laptop GPU (ID=0x2520)
    Vendor:   NVIDIA
    VRAM:     6009 MB
    Driver:   31.0.15.3713
Initialize mono
Mono path[0] = 'C:/Program Files/Unity/Hub/Editor/2021.3.16f1/Editor/Data/Managed'
Mono path[1] = 'C:/Program Files/Unity/Hub/Editor/2021.3.16f1/Editor/Data/MonoBleedingEdge/lib/mono/unityjit-win32'
Mono config path = 'C:/Program Files/Unity/Hub/Editor/2021.3.16f1/Editor/Data/MonoBleedingEdge/etc'
Using monoOptions --debugger-agent=transport=dt_socket,embedding=1,server=y,suspend=n,address=127.0.0.1:56856
Begin MonoManager ReloadAssembly
Registering precompiled unity dll's ...
Register platform support module: C:/Program Files/Unity/Hub/Editor/2021.3.16f1/Editor/Data/PlaybackEngines/WebGLSupport/UnityEditor.WebGL.Extensions.dll
Register platform support module: C:/Program Files/Unity/Hub/Editor/2021.3.16f1/Editor/Data/PlaybackEngines/AndroidPlayer/UnityEditor.Android.Extensions.dll
Register platform support module: C:/Program Files/Unity/Hub/Editor/2021.3.16f1/Editor/Data/PlaybackEngines/WindowsStandaloneSupport/UnityEditor.WindowsStandalone.Extensions.dll
Registered in 0.003411 seconds.
Native extension for WindowsStandalone target not found
Native extension for Android target not found
Native extension for WebGL target not found
Refreshing native plugins compatible for Editor in 59.15 ms, found 3 plugins.
Preloading 0 native plugins for Editor in 0.00 ms.
Mono: successfully reloaded assembly
- Completed reload, in  0.508 seconds
Domain Reload Profiling:
	ReloadAssembly (508ms)
		BeginReloadAssembly (54ms)
			ExecutionOrderSort (0ms)
			DisableScriptedObjects (0ms)
			BackupInstance (0ms)
			ReleaseScriptingObjects (0ms)
			CreateAndSetChildDomain (1ms)
		EndReloadAssembly (377ms)
			LoadAssemblies (53ms)
			RebuildTransferFunctionScriptingTraits (0ms)
			SetupTypeCache (84ms)
			ReleaseScriptCaches (0ms)
			RebuildScriptCaches (26ms)
			SetupLoadedEditorAssemblies (228ms)
				LogAssemblyErrors (0ms)
				InitializePlatformSupportModulesInManaged (44ms)
				SetLoadedEditorAssemblies (0ms)
				RefreshPlugins (59ms)
				BeforeProcessingInitializeOnLoad (1ms)
				ProcessInitializeOnLoadAttributes (81ms)
				ProcessInitializeOnLoadMethodAttributes (43ms)
				AfterProcessingInitializeOnLoad (0ms)
				EditorAssembliesLoaded (0ms)
			ExecutionOrderSort2 (0ms)
			AwakeInstancesAfterBackupRestoration (0ms)
Platform modules already initialized, skipping
Registering precompiled user dll's ...
Registered in 0.003487 seconds.
Begin MonoManager ReloadAssembly
Symbol file LoadedFromMemory doesn't match image C:\_GameDevHQ\GH\2D_Space_Shooter_01-23\2D_Assets_Workspace\Library\PackageCache\com.unity.visualscripting@1.7.8\Editor\VisualScripting.Core\Dependencies\YamlDotNet\Unity.VisualScripting.YamlDotNet.dll
Symbol file LoadedFromMemory doesn't match image C:\_GameDevHQ\GH\2D_Space_Shooter_01-23\2D_Assets_Workspace\Library\PackageCache\com.unity.visualscripting@1.7.8\Editor\VisualScripting.Core\Dependencies\DotNetZip\Unity.VisualScripting.IonicZip.dll
Native extension for WindowsStandalone target not found
Native extension for Android target not found
Native extension for WebGL target not found
Refreshing native plugins compatible for Editor in 0.46 ms, found 3 plugins.
Preloading 0 native plugins for Editor in 0.00 ms.
Mono: successfully reloaded assembly
- Completed reload, in  0.984 seconds
Domain Reload Profiling:
	ReloadAssembly (985ms)
		BeginReloadAssembly (207ms)
			ExecutionOrderSort (0ms)
			DisableScriptedObjects (7ms)
			BackupInstance (0ms)
			ReleaseScriptingObjects (0ms)
			CreateAndSetChildDomain (126ms)
		EndReloadAssembly (679ms)
			LoadAssemblies (64ms)
			RebuildTransferFunctionScriptingTraits (0ms)
			SetupTypeCache (243ms)
			ReleaseScriptCaches (0ms)
			RebuildScriptCaches (50ms)
			SetupLoadedEditorAssemblies (289ms)
				LogAssemblyErrors (0ms)
				InitializePlatformSupportModulesInManaged (12ms)
				SetLoadedEditorAssemblies (0ms)
				RefreshPlugins (1ms)
				BeforeProcessingInitializeOnLoad (64ms)
				ProcessInitializeOnLoadAttributes (185ms)
				ProcessInitializeOnLoadMethodAttributes (22ms)
				AfterProcessingInitializeOnLoad (5ms)
				EditorAssembliesLoaded (0ms)
			ExecutionOrderSort2 (0ms)
			AwakeInstancesAfterBackupRestoration (5ms)
Platform modules already initialized, skipping
========================================================================
Worker process is ready to serve import requests
Launched and connected shader compiler UnityShaderCompiler.exe after 0.05 seconds
Refreshing native plugins compatible for Editor in 0.69 ms, found 3 plugins.
Preloading 0 native plugins for Editor in 0.00 ms.
Unloading 3363 Unused Serialized files (Serialized files now loaded: 0)
Unloading 28 unused Assets / (113.8 KB). Loaded Objects now: 3823.
Memory consumption went from 115.8 MB to 115.7 MB.
Total: 4.790000 ms (FindLiveObjects: 0.619700 ms CreateObjectMapping: 0.362300 ms MarkObjects: 3.574100 ms  DeleteObjects: 0.231500 ms)

AssetImportParameters requested are different than current active one (requested -> active):
  custom:video-decoder-ogg-theora: a1e56fd34408186e4bbccfd4996cb3dc -> 
  custom:container-muxer-webm: aa71ff27fc2769a1b78a27578f13a17b -> 
  custom:container-demuxer-webm: 4f35f7cbe854078d1ac9338744f61a02 -> 
  custom:video-encoder-webm-vp8: eb34c28f22e8b96e1ab97ce403110664 -> 
  custom:video-codec-MediaFoundation-h265: 746d11721c4dcdbdad8f713fa42b33f4 -> 
  custom:audio-encoder-webm-vorbis: bf7c407c2cedff20999df2af8eb42d56 -> 
  custom:framework-win-MediaFoundation: 216162199b28c13a410421893ffa2e32 -> 
  custom:container-demuxer-ogg: 62fdf1f143b41e24485cea50d1cbac27 -> 
  custom:video-decoder-webm-vp8: 9c59270c3fd7afecdb556c50c9e8de78 -> 
  custom:audio-decoder-ogg-vorbis: bf7c407c2cedff20999df2af8eb42d56 -> 
========================================================================
Received Import Request.
  Time since last request: 7449.547258 seconds.
  path: Assets/Laser Weapons Sound Pack/Free/continuous_beam_1.wav
  artifactKey: Guid(a9e3fee688cf000499bded40dd54ff48) Importer(815301076,1909f56bfc062723c751e8b465ee728b)
Start importing Assets/Laser Weapons Sound Pack/Free/continuous_beam_1.wav using Guid(a9e3fee688cf000499bded40dd54ff48) Importer(815301076,1909f56bfc062723c751e8b465ee728b)  -> (artifact id: '403ab628ba9fa05fbf5a826eddbab94d') in 0.164432 seconds 
========================================================================
Received Import Request.
  Time since last request: 0.000037 seconds.
  path: Assets/Laser Weapons Sound Pack/Free/light_blast_1.wav
  artifactKey: Guid(5ff5bd936a30a904da907f35c8dd382e) Importer(815301076,1909f56bfc062723c751e8b465ee728b)
Start importing Assets/Laser Weapons Sound Pack/Free/light_blast_1.wav using Guid(5ff5bd936a30a904da907f35c8dd382e) Importer(815301076,1909f56bfc062723c751e8b465ee728b)  -> (artifact id: '37db7df1419d03455942ead803ddf0e1') in 0.015085 seconds 
========================================================================
Received Import Request.
  Time since last request: 0.000037 seconds.
  path: Assets/Laser Weapons Sound Pack/Free/weapon_handling_12.wav
  artifactKey: Guid(9807aed188be2a3459ced8e23a168765) Importer(815301076,1909f56bfc062723c751e8b465ee728b)
Start importing Assets/Laser Weapons Sound Pack/Free/weapon_handling_12.wav using Guid(9807aed188be2a3459ced8e23a168765) Importer(815301076,1909f56bfc062723c751e8b465ee728b)  -> (artifact id: 'fd1f8ebb5c51d3a65072b2f2d74de80f') in 0.015980 seconds 
========================================================================
Received Import Request.
  Time since last request: 0.000023 seconds.
  path: Assets/Laser Weapons Sound Pack/Free/reloading_013.wav
  artifactKey: Guid(4eedb1249b4340b4bb4ec3aa4d13e693) Importer(815301076,1909f56bfc062723c751e8b465ee728b)
Start importing Assets/Laser Weapons Sound Pack/Free/reloading_013.wav using Guid(4eedb1249b4340b4bb4ec3aa4d13e693) Importer(815301076,1909f56bfc062723c751e8b465ee728b)  -> (artifact id: 'be9e6f0fcd7db579f475f3a9d67acd68') in 0.014067 seconds 
========================================================================
Received Import Request.
  Time since last request: 0.000081 seconds.
  path: Assets/Laser Weapons Sound Pack/Free/heavy_blast_015.wav
  artifactKey: Guid(cfa16117c62143e4c9055eb2c083673f) Importer(815301076,1909f56bfc062723c751e8b465ee728b)
Start importing Assets/Laser Weapons Sound Pack/Free/heavy_blast_015.wav using Guid(cfa16117c62143e4c9055eb2c083673f) Importer(815301076,1909f56bfc062723c751e8b465ee728b)  -> (artifact id: '09058986a06cf8a058000204d33010e4') in 0.012311 seconds 
========================================================================
Received Import Request.
  Time since last request: 0.000025 seconds.
  path: Assets/Laser Weapons Sound Pack/Free/heavy_blast_004.wav
  artifactKey: Guid(45e5a2d015897d34780787ab6e691387) Importer(815301076,1909f56bfc062723c751e8b465ee728b)
Start importing Assets/Laser Weapons Sound Pack/Free/heavy_blast_004.wav using Guid(45e5a2d015897d34780787ab6e691387) Importer(815301076,1909f56bfc062723c751e8b465ee728b)  -> (artifact id: 'a6119ed17bfb0b8c4ad4bf3bc7dcee78') in 0.012031 seconds 
========================================================================
Received Import Request.
  Time since last request: 0.000025 seconds.
  path: Assets/Laser Weapons Sound Pack/Free/reloading_002.wav
  artifactKey: Guid(8661ec677881a5a4ea46398c20eb9e79) Importer(815301076,1909f56bfc062723c751e8b465ee728b)
Start importing Assets/Laser Weapons Sound Pack/Free/reloading_002.wav using Guid(8661ec677881a5a4ea46398c20eb9e79) Importer(815301076,1909f56bfc062723c751e8b465ee728b)  -> (artifact id: '2d0122118685f210b9753d446b4d9519') in 0.010441 seconds 
========================================================================
Received Import Request.
  Time since last request: 0.000022 seconds.
  path: Assets/Laser Weapons Sound Pack/Free/weapon_handling_19.wav
  artifactKey: Guid(1ce7890406010c443a54576a00835e5a) Importer(815301076,1909f56bfc062723c751e8b465ee728b)
Start importing Assets/Laser Weapons Sound Pack/Free/weapon_handling_19.wav using Guid(1ce7890406010c443a54576a00835e5a) Importer(815301076,1909f56bfc062723c751e8b465ee728b)  -> (artifact id: '66af2c328bd4fb59fb435978cb48788f') in 0.011777 seconds 
========================================================================
Received Import Request.
  Time since last request: 0.000025 seconds.
  path: Assets/Laser Weapons Sound Pack/Free/light_blast_7.wav
  artifactKey: Guid(e3298e35eed19c942b6f4d2d41cd21ba) Importer(815301076,1909f56bfc062723c751e8b465ee728b)
Start importing Assets/Laser Weapons Sound Pack/Free/light_blast_7.wav using Guid(e3298e35eed19c942b6f4d2d41cd21ba) Importer(815301076,1909f56bfc062723c751e8b465ee728b)  -> (artifact id: '900be9573ea3dd068d67ba52ee2c158f') in 0.011801 seconds 
========================================================================
Received Import Request.
  Time since last request: 0.000018 seconds.
  path: Assets/Laser Weapons Sound Pack/Free/heavy_blast_002.wav
  artifactKey: Guid(17f3805d11575844d85b49435bac1572) Importer(815301076,1909f56bfc062723c751e8b465ee728b)
Start importing Assets/Laser Weapons Sound Pack/Free/heavy_blast_002.wav using Guid(17f3805d11575844d85b49435bac1572) Importer(815301076,1909f56bfc062723c751e8b465ee728b)  -> (artifact id: 'de53dbe1754d05d7a24d0b382159e8ee') in 0.012312 seconds 
========================================================================
Received Import Request.
  Time since last request: 0.000030 seconds.
  path: Assets/Laser Weapons Sound Pack/Free/light_blast_10.wav
  artifactKey: Guid(0c4f452a658af404d9e375bd5ee7bd63) Importer(815301076,1909f56bfc062723c751e8b465ee728b)
Start importing Assets/Laser Weapons Sound Pack/Free/light_blast_10.wav using Guid(0c4f452a658af404d9e375bd5ee7bd63) Importer(815301076,1909f56bfc062723c751e8b465ee728b)  -> (artifact id: 'b917ea1bc501607eb28bcdd83b4698dc') in 0.014221 seconds 
========================================================================
Received Import Request.
  Time since last request: 0.000045 seconds.
  path: Assets/Laser Weapons Sound Pack/Free/heavy_blast_013.wav
  artifactKey: Guid(7a15fc41b1d885940a382f983eb3f01b) Importer(815301076,1909f56bfc062723c751e8b465ee728b)
Start importing Assets/Laser Weapons Sound Pack/Free/heavy_blast_013.wav using Guid(7a15fc41b1d885940a382f983eb3f01b) Importer(815301076,1909f56bfc062723c751e8b465ee728b)  -> (artifact id: 'd30b476e2c6d84fb235c9999bf0958b9') in 0.011473 seconds 
